============================= test session starts ==============================
platform linux -- Python 3.11.14, pytest-9.0.3, pluggy-1.6.0 -- /home/duykhongngu28/massive/2A202600337-Vu-Duc-Duy-Day24-Track02-Lab-Assignment/medviet-governance/.venv/bin/python3
cachedir: .pytest_cache
rootdir: /home/duykhongngu28/massive/2A202600337-Vu-Duc-Duy-Day24-Track02-Lab-Assignment/medviet-governance
plugins: anyio-4.13.0, Faker-40.15.0
collecting ... collected 24 items

tests/test_anonymizer.py::test_anonymize_text_replace PASSED             [  4%]
tests/test_anonymizer.py::test_anonymize_dataframe PASSED                [  8%]
tests/test_anonymizer.py::test_calculate_detection_rate PASSED           [ 12%]
tests/test_api.py::test_health PASSED                                    [ 16%]
tests/test_api.py::test_get_raw_patients_unauthorized PASSED             [ 20%]
tests/test_api.py::test_get_raw_patients_admin PASSED                    [ 25%]
tests/test_api.py::test_get_raw_patients_intern PASSED                   [ 29%]
tests/test_api.py::test_delete_patient_admin PASSED                      [ 33%]
tests/test_api.py::test_delete_patient_forbidden PASSED                  [ 37%]
tests/test_detector.py::test_build_vietnamese_analyzer PASSED            [ 41%]
tests/test_detector.py::test_detect_pii PASSED                           [ 45%]
tests/test_generate_data.py::test_generate_patients PASSED               [ 50%]
tests/test_pii.py::TestPIIDetection::test_cccd_detected PASSED           [ 54%]
tests/test_pii.py::TestPIIDetection::test_phone_detected PASSED          [ 58%]
tests/test_pii.py::TestPIIDetection::test_email_detected PASSED          [ 62%]
tests/test_pii.py::TestPIIDetection::test_detection_rate_above_95_percent PASSED [ 66%]
tests/test_pii.py::TestAnonymization::test_pii_not_in_output PASSED      [ 70%]
tests/test_pii.py::TestAnonymization::test_non_pii_columns_unchanged PASSED [ 75%]
tests/test_validation.py::test_validate_anonymized_data_success PASSED   [ 79%]
tests/test_validation.py::test_validate_anonymized_data_failure_cccd PASSED [ 83%]
tests/test_validation.py::test_validate_anonymized_data_failure_nulls PASSED [ 87%]
tests/test_validation.py::test_validate_anonymized_data_failure_row_count PASSED [ 91%]
tests/test_vault.py::test_encrypt_decrypt_data PASSED                    [ 95%]
tests/test_vault.py::test_encrypt_column PASSED                          [100%]

=============================== warnings summary ===============================
.venv/lib/python3.11/site-packages/pyvi/ViTokenizer.py:24
  /home/duykhongngu28/massive/2A202600337-Vu-Duc-Duy-Day24-Track02-Lab-Assignment/medviet-governance/.venv/lib/python3.11/site-packages/pyvi/ViTokenizer.py:24: VisibleDeprecationWarning: dtype(): align should be passed as Python or NumPy boolean but got `align=0`. Did you mean to pass a tuple to create a subarray type? (Deprecated NumPy 2.4)
    model = pickle.load(fin)

-- Docs: https://docs.pytest.org/en/stable/how-to/capture-warnings.html
======================== 24 passed, 1 warning in 7.51s =========================
